<?xml version="1.0" encoding="UTF-8"?>
<testng-results ignored="0" total="0" passed="0" failed="0" skipped="0">
  <reporter-output>
    <line>
      <![CDATA[connecting to the server]]>
    </line>
    <line>
      <![CDATA[connecting to the database]]>
    </line>
    <line>
      <![CDATA[brower is opening]]>
    </line>
    <line>
      <![CDATA[browser is closing]]>
    </line>
    <line>
      <![CDATA[disconnecting from the data base]]>
    </line>
    <line>
      <![CDATA[disconnecting to the server]]>
    </line>
  </reporter-output>
  <suite started-at="2024-02-09T16:41:23 IST" name="Default suite" finished-at="2024-02-09T16:41:33 IST" duration-ms="10106">
    <groups>
    </groups>
    <test started-at="2024-02-09T16:41:23 IST" name="Default test" finished-at="2024-02-09T16:41:33 IST" duration-ms="10106">
      <class name="TestScript.RegistrationTest">
        <test-method is-config="true" signature="connectToTheServer()[pri:0, instance:TestScript.RegistrationTest@13e344d]" started-at="2024-02-09T16:41:23 IST" name="connectToTheServer" finished-at="2024-02-09T16:41:23 IST" duration-ms="28" status="PASS">
          <reporter-output>
            <line>
              <![CDATA[connecting to the server]]>
            </line>
          </reporter-output>
        </test-method> <!-- connectToTheServer -->
        <test-method is-config="true" signature="connectToTheDatabase()[pri:0, instance:TestScript.RegistrationTest@13e344d]" started-at="2024-02-09T16:41:23 IST" name="connectToTheDatabase" finished-at="2024-02-09T16:41:23 IST" duration-ms="1" status="PASS">
          <reporter-output>
            <line>
              <![CDATA[connecting to the database]]>
            </line>
          </reporter-output>
        </test-method> <!-- connectToTheDatabase -->
        <test-method is-config="true" signature="opneningTheBrowser()[pri:0, instance:TestScript.RegistrationTest@13e344d]" started-at="2024-02-09T16:41:23 IST" name="opneningTheBrowser" finished-at="2024-02-09T16:41:31 IST" duration-ms="8236" status="PASS">
          <reporter-output>
            <line>
              <![CDATA[brower is opening]]>
            </line>
          </reporter-output>
        </test-method> <!-- opneningTheBrowser -->
        <test-method is-config="true" signature="closingTheBrowser()[pri:0, instance:TestScript.RegistrationTest@13e344d]" started-at="2024-02-09T16:41:33 IST" name="closingTheBrowser" finished-at="2024-02-09T16:41:33 IST" duration-ms="1" status="PASS">
          <reporter-output>
            <line>
              <![CDATA[browser is closing]]>
            </line>
          </reporter-output>
        </test-method> <!-- closingTheBrowser -->
        <test-method is-config="true" signature="disconnectToTheDatabase()[pri:0, instance:TestScript.RegistrationTest@13e344d]" started-at="2024-02-09T16:41:33 IST" name="disconnectToTheDatabase" finished-at="2024-02-09T16:41:33 IST" duration-ms="1" status="PASS">
          <reporter-output>
            <line>
              <![CDATA[disconnecting from the data base]]>
            </line>
          </reporter-output>
        </test-method> <!-- disconnectToTheDatabase -->
        <test-method is-config="true" signature="disconnectToTheServer()[pri:0, instance:TestScript.RegistrationTest@13e344d]" started-at="2024-02-09T16:41:33 IST" name="disconnectToTheServer" finished-at="2024-02-09T16:41:33 IST" duration-ms="1" status="PASS">
          <reporter-output>
            <line>
              <![CDATA[disconnecting to the server]]>
            </line>
          </reporter-output>
        </test-method> <!-- disconnectToTheServer -->
      </class> <!-- TestScript.RegistrationTest -->
    </test> <!-- Default test -->
  </suite> <!-- Default suite -->
</testng-results>
